<?xml version="1.0" encoding="UTF-8"?>
<!-- Generated by org.testng.reporters.JUnitReportReporter -->
<testsuite hostname="TESTING-PC" failures="0" tests="2" name="oops.B" time="0.021" errors="0" timestamp="06 Jun 2018 07:03:29 GMT" skipped="0">
  <testcase classname="oops.B" name="runner" time="0.009"/>
  <testcase classname="oops.B" name="run" time="0.012"/>
</testsuite> <!-- oops.B -->
